2023-07-22 23:10:39,022 INFO o.a.j.u.JMeterUtils: Setting Locale to en_US
2023-07-22 23:10:39,101 INFO o.a.j.JMeter: Loading user properties from: user.properties
2023-07-22 23:10:39,117 INFO o.a.j.JMeter: Loading system properties from: system.properties
2023-07-22 23:10:39,149 INFO o.a.j.JMeter: Copyright (c) 1998-2023 The Apache Software Foundation
2023-07-22 23:10:39,149 INFO o.a.j.JMeter: Version 5.6.2
2023-07-22 23:10:39,149 INFO o.a.j.JMeter: java.version=1.8.0_261
2023-07-22 23:10:39,149 INFO o.a.j.JMeter: java.vm.name=Java HotSpot(TM) 64-Bit Server VM
2023-07-22 23:10:39,149 INFO o.a.j.JMeter: os.name=Windows 10
2023-07-22 23:10:39,149 INFO o.a.j.JMeter: os.arch=amd64
2023-07-22 23:10:39,149 INFO o.a.j.JMeter: os.version=10.0
2023-07-22 23:10:39,149 INFO o.a.j.JMeter: file.encoding=Cp1252
2023-07-22 23:10:39,149 INFO o.a.j.JMeter: java.awt.headless=null
2023-07-22 23:10:39,149 INFO o.a.j.JMeter: Max memory     =1888485376
2023-07-22 23:10:39,149 INFO o.a.j.JMeter: Available Processors =4
2023-07-22 23:10:39,165 INFO o.a.j.JMeter: Default Locale=English (United States)
2023-07-22 23:10:39,165 INFO o.a.j.JMeter: JMeter  Locale=English (United States)
2023-07-22 23:10:39,165 INFO o.a.j.JMeter: JMeterHome=D:\Perfgit\apache-jmeter-5.6.2
2023-07-22 23:10:39,165 INFO o.a.j.JMeter: user.dir  =D:\Perfgit\apache-jmeter-5.6.2\bin
2023-07-22 23:10:39,165 INFO o.a.j.JMeter: PWD       =D:\Perfgit\apache-jmeter-5.6.2\bin
2023-07-22 23:10:43,708 INFO o.a.j.JMeter: IP: 192.168.56.1 Name: DESKTOP-L7C2P7N FullName: DESKTOP-L7C2P7N
2023-07-22 23:10:43,832 INFO o.a.j.JMeter: Loaded icon properties from org/apache/jmeter/images/icon.properties
2023-07-22 23:10:45,374 INFO o.a.j.JMeterGuiLauncher: Setting LAF to: com.github.weisj.darklaf.DarkLaf:com.github.weisj.darklaf.theme.IntelliJTheme
2023-07-22 23:10:52,389 INFO o.a.j.r.ClassFinder: Will scan jar D:\Perfgit\apache-jmeter-5.6.2\lib\ext\json-lib-2.4-jdk15.jar with filter ExtendsClassFilter [parents=[interface org.apache.jmeter.gui.action.Command], inner=false, contains=null, notContains=null]. Consider exposing JMeter plugins via META-INF/services, and add JMeter-Skip-Class-Scanning=true manifest attribute so JMeter can skip classfile scanning
2023-07-22 23:10:52,498 INFO o.a.j.r.ClassFinder: Will scan jar D:\Perfgit\apache-jmeter-5.6.2\lib\ext\cmdrunner-2.3.jar with filter ExtendsClassFilter [parents=[interface org.apache.jmeter.gui.action.Command], inner=false, contains=null, notContains=null]. Consider exposing JMeter plugins via META-INF/services, and add JMeter-Skip-Class-Scanning=true manifest attribute so JMeter can skip classfile scanning
2023-07-22 23:10:52,514 INFO o.a.j.r.ClassFinder: Will scan jar D:\Perfgit\apache-jmeter-5.6.2\lib\ext\jmeter-plugins-manager-1.9.jar with filter ExtendsClassFilter [parents=[interface org.apache.jmeter.gui.action.Command], inner=false, contains=null, notContains=null]. Consider exposing JMeter plugins via META-INF/services, and add JMeter-Skip-Class-Scanning=true manifest attribute so JMeter can skip classfile scanning
2023-07-22 23:10:53,116 INFO o.a.j.r.ClassFinder: Will scan jar D:\Perfgit\apache-jmeter-5.6.2\lib\ext\jmeter-plugins-cmn-jmeter-0.7.jar with filter ExtendsClassFilter [parents=[interface org.apache.jmeter.gui.action.Command], inner=false, contains=null, notContains=null]. Consider exposing JMeter plugins via META-INF/services, and add JMeter-Skip-Class-Scanning=true manifest attribute so JMeter can skip classfile scanning
2023-07-22 23:10:53,297 INFO o.a.j.r.ClassFinder: Will scan jar D:\Perfgit\apache-jmeter-5.6.2\lib\ext\jmeter-plugins-dummy-0.4.jar with filter ExtendsClassFilter [parents=[interface org.apache.jmeter.gui.action.Command], inner=false, contains=null, notContains=null]. Consider exposing JMeter plugins via META-INF/services, and add JMeter-Skip-Class-Scanning=true manifest attribute so JMeter can skip classfile scanning
2023-07-22 23:10:53,865 INFO o.a.j.r.ClassFinder: Will scan jar D:\Perfgit\apache-jmeter-5.6.2\lib\ext\json-lib-2.4-jdk15.jar with filter ExtendsClassFilter [parents=[interface org.apache.jmeter.gui.plugin.MenuCreator], inner=false, contains=null, notContains=null]. Consider exposing JMeter plugins via META-INF/services, and add JMeter-Skip-Class-Scanning=true manifest attribute so JMeter can skip classfile scanning
2023-07-22 23:10:53,865 INFO o.a.j.r.ClassFinder: Will scan jar D:\Perfgit\apache-jmeter-5.6.2\lib\ext\cmdrunner-2.3.jar with filter ExtendsClassFilter [parents=[interface org.apache.jmeter.gui.plugin.MenuCreator], inner=false, contains=null, notContains=null]. Consider exposing JMeter plugins via META-INF/services, and add JMeter-Skip-Class-Scanning=true manifest attribute so JMeter can skip classfile scanning
2023-07-22 23:10:53,881 INFO o.a.j.r.ClassFinder: Will scan jar D:\Perfgit\apache-jmeter-5.6.2\lib\ext\jmeter-plugins-manager-1.9.jar with filter ExtendsClassFilter [parents=[interface org.apache.jmeter.gui.plugin.MenuCreator], inner=false, contains=null, notContains=null]. Consider exposing JMeter plugins via META-INF/services, and add JMeter-Skip-Class-Scanning=true manifest attribute so JMeter can skip classfile scanning
2023-07-22 23:10:53,881 INFO o.a.j.r.ClassFinder: Will scan jar D:\Perfgit\apache-jmeter-5.6.2\lib\ext\jmeter-plugins-cmn-jmeter-0.7.jar with filter ExtendsClassFilter [parents=[interface org.apache.jmeter.gui.plugin.MenuCreator], inner=false, contains=null, notContains=null]. Consider exposing JMeter plugins via META-INF/services, and add JMeter-Skip-Class-Scanning=true manifest attribute so JMeter can skip classfile scanning
2023-07-22 23:10:53,881 INFO o.a.j.r.ClassFinder: Will scan jar D:\Perfgit\apache-jmeter-5.6.2\lib\ext\jmeter-plugins-dummy-0.4.jar with filter ExtendsClassFilter [parents=[interface org.apache.jmeter.gui.plugin.MenuCreator], inner=false, contains=null, notContains=null]. Consider exposing JMeter plugins via META-INF/services, and add JMeter-Skip-Class-Scanning=true manifest attribute so JMeter can skip classfile scanning
2023-07-22 23:10:56,913 INFO o.j.r.JARSourceHTTP: Requesting https://jmeter-plugins.org/repo/?installID=windows_10-a47a503a63195b6f6999fd8532700ea2-gui
2023-07-22 23:11:08,535 INFO o.j.r.PluginManager: Plugins Status: [jpgc-dummy=0.4, jpgc-plugins-manager=1.9, jmeter-core=5.6.2, jmeter-ftp=5.6.2, jmeter-http=5.6.2, jmeter-jdbc=5.6.2, jmeter-jms=5.6.2, jmeter-junit=5.6.2, jmeter-java=5.6.2, jmeter-ldap=5.6.2, jmeter-mail=5.6.2, jmeter-mongodb=5.6.2, jmeter-native=5.6.2, jmeter-tcp=5.6.2, jmeter-components=5.6.2]
2023-07-22 23:11:26,630 INFO o.a.j.s.FileServer: Default base='D:\Perfgit\apache-jmeter-5.6.2\bin'
2023-07-22 23:11:26,646 INFO o.a.j.g.a.Load: Loading file: D:\Perfgit\apache-jmeter-5.6.2\bin\1.jmx
2023-07-22 23:11:26,646 INFO o.a.j.s.FileServer: Set new base='D:\Perfgit\apache-jmeter-5.6.2\bin'
2023-07-22 23:11:27,274 INFO o.a.j.s.SaveService: Testplan (JMX) version: 2.2. Testlog (JTL) version: 2.2
2023-07-22 23:11:27,376 INFO o.a.j.s.SaveService: Using SaveService properties file encoding UTF-8
2023-07-22 23:11:27,376 INFO o.a.j.s.SaveService: Using SaveService properties version 5.0
2023-07-22 23:11:27,392 INFO o.a.j.s.SaveService: Loading file: D:\Perfgit\apache-jmeter-5.6.2\bin\1.jmx
2023-07-22 23:11:28,580 INFO o.a.j.s.FileServer: Set new base='D:\Perfgit\apache-jmeter-5.6.2\bin'
